<?xml version="1.0" encoding="UTF-8"?>
<!-- Generated by org.testng.reporters.JUnitReportReporter -->
<testsuite hostname="NxG-zKTIfkgYpo1" failures="0" tests="1" name="Tesngmaven.nxgsmoketest" time="10.566" errors="0" timestamp="2020-09-29T10:28:43 CEST" skipped="0">
  <testcase classname="Tesngmaven.nxgsmoketest" name="nxgloginfromportal" time="10.566"/>
  <system-out/>
</testsuite> <!-- Tesngmaven.nxgsmoketest -->
