<?xml version="1.0" encoding="UTF-8"?>
<!-- Generated by org.testng.reporters.JUnitReportReporter -->
<testsuite hostname="NxG-zKTIfkgYpo1" failures="0" tests="1" name="Tesngmaven.nxgLoginmanyusers" time="9.354" errors="0" timestamp="2020-10-07T10:35:49 CEST" skipped="0">
  <testcase classname="Tesngmaven.nxgLoginmanyusers" name="nxgloginURL" time="9.354"/>
  <system-out/>
</testsuite> <!-- Tesngmaven.nxgLoginmanyusers -->
