<?xml version="1.0" encoding="UTF-8"?>
<!-- Generated by org.testng.reporters.JUnitReportReporter -->
<testsuite hostname="NxG-zKTIfkgYpo1" failures="0" tests="1" name="Tesngmaven.nxgmanyURLTest" time="11.578" errors="0" timestamp="2020-09-28T11:52:26 CEST" skipped="0">
  <testcase classname="Tesngmaven.nxgmanyURLTest" name="nxgmanyUrlTest" time="11.578"/>
  <system-out/>
</testsuite> <!-- Tesngmaven.nxgmanyURLTest -->
