<?xml version="1.0" encoding="UTF-8"?>
<!-- Generated by org.testng.reporters.JUnitReportReporter -->
<testsuite hostname="NxG-zKTIfkgYpo1" failures="0" tests="1" name="Tesngmaven.nxg_QA_Smoke_Test" time="8.531" errors="0" timestamp="2020-12-10T16:07:57 CET" skipped="0">
  <testcase classname="Tesngmaven.nxg_QA_Smoke_Test" name="nxgQASmokeTest" time="8.531"/>
  <system-out/>
</testsuite> <!-- Tesngmaven.nxg_QA_Smoke_Test -->
