<?xml version="1.0" encoding="UTF-8"?>
<!-- Generated by org.testng.reporters.JUnitReportReporter -->
<testsuite hostname="NxG-zKTIfkgYpo1" failures="0" tests="1" name="Tesngmaven.nxgLoginmanyusers" time="8.992" errors="0" timestamp="2020-09-26T17:58:53 CEST" skipped="0">
  <testcase classname="Tesngmaven.nxgLoginmanyusers" name="nxgloginURL" time="8.992"/>
  <system-out/>
</testsuite> <!-- Tesngmaven.nxgLoginmanyusers -->
