<?xml version="1.0" encoding="UTF-8"?>
<!-- Generated by org.testng.reporters.JUnitReportReporter -->
<testsuite hostname="NxG-zKTIfkgYpo1" failures="0" tests="1" name="Tesngmaven.nxg_QA_Smoke_Test" time="8.532" errors="0" timestamp="2020-12-10T15:20:27 CET" skipped="0">
  <testcase classname="Tesngmaven.nxg_QA_Smoke_Test" name="nxgloginfromportal" time="8.532"/>
  <system-out/>
</testsuite> <!-- Tesngmaven.nxg_QA_Smoke_Test -->
