<?xml version="1.0" encoding="UTF-8"?>
<!-- Generated by org.testng.reporters.JUnitReportReporter -->
<testsuite hostname="NxG-zKTIfkgYpo1" failures="0" tests="1" name="Tesngmaven.nxgmanyURLTest" time="10.806" errors="0" timestamp="2020-10-07T10:30:59 CEST" skipped="0">
  <testcase classname="Tesngmaven.nxgmanyURLTest" name="nxgmanyUrlTest" time="10.806"/>
  <system-out/>
</testsuite> <!-- Tesngmaven.nxgmanyURLTest -->
