<?xml version="1.0" encoding="UTF-8"?>
<!-- Generated by org.testng.reporters.JUnitReportReporter -->
<testsuite hostname="NxG-zKTIfkgYpo1" failures="0" tests="1" name="Tesngmaven.nxgLoginmanyusers" time="8.671" errors="0" timestamp="2020-09-28T11:23:41 CEST" skipped="0">
  <testcase classname="Tesngmaven.nxgLoginmanyusers" name="nxgloginURL" time="8.671"/>
  <system-out/>
</testsuite> <!-- Tesngmaven.nxgLoginmanyusers -->
