<?xml version="1.0" encoding="UTF-8"?>
<!-- Generated by org.testng.reporters.JUnitReportReporter -->
<testsuite hostname="NxG-zKTIfkgYpo1" failures="0" tests="1" name="Tesngmaven.nxgLoginmanyusers" time="8.894" errors="0" timestamp="2020-09-25T17:14:22 CEST" skipped="0">
  <testcase classname="Tesngmaven.nxgLoginmanyusers" name="nxgloginURL" time="8.894"/>
  <system-out/>
</testsuite> <!-- Tesngmaven.nxgLoginmanyusers -->
